[1.239s] Invoking command in '/home/robu/work/robu_selpan19_ws/src/robu': PYTHONPATH=/home/robu/work/robu_selpan19_ws/build/robu/prefix_override:/home/robu/work/robu_selpan19_ws/install/robu/lib/python3.10/site-packages:${PYTHONPATH} /usr/bin/python3 setup.py egg_info --egg-base ../../build/robu build --build-base /home/robu/work/robu_selpan19_ws/build/robu/build install --record /home/robu/work/robu_selpan19_ws/build/robu/install.log --single-version-externally-managed
[1.778s] running egg_info
[1.779s] writing ../../build/robu/robu.egg-info/PKG-INFO
[1.779s] writing dependency_links to ../../build/robu/robu.egg-info/dependency_links.txt
[1.780s] writing entry points to ../../build/robu/robu.egg-info/entry_points.txt
[1.780s] writing requirements to ../../build/robu/robu.egg-info/requires.txt
[1.781s] writing top-level names to ../../build/robu/robu.egg-info/top_level.txt
[1.787s] reading manifest file '../../build/robu/robu.egg-info/SOURCES.txt'
[1.788s] writing manifest file '../../build/robu/robu.egg-info/SOURCES.txt'
[1.788s] running build
[1.789s] running build_py
[1.789s] copying robu/ex10_wallfollower.py -> /home/robu/work/robu_selpan19_ws/build/robu/build/lib/robu
[1.790s] running install
[1.791s] running install_lib
[1.794s] copying /home/robu/work/robu_selpan19_ws/build/robu/build/lib/robu/ex10_wallfollower.py -> /home/robu/work/robu_selpan19_ws/install/robu/lib/python3.10/site-packages/robu
[1.795s] byte-compiling /home/robu/work/robu_selpan19_ws/install/robu/lib/python3.10/site-packages/robu/ex10_wallfollower.py to ex10_wallfollower.cpython-310.pyc
[1.796s]   File "/home/robu/work/robu_selpan19_ws/install/robu/lib/python3.10/site-packages/robu/ex10_wallfollower.py", line 3
[1.796s]     import rclpy.node import Node
[1.796s]                       ^^^^^^
[1.796s] SyntaxError: invalid syntax
[1.796s] 
[1.797s] running install_data
[1.799s] running install_egg_info
[1.801s] removing '/home/robu/work/robu_selpan19_ws/install/robu/lib/python3.10/site-packages/robu-0.0.0-py3.10.egg-info' (and everything under it)
[1.809s] Copying ../../build/robu/robu.egg-info to /home/robu/work/robu_selpan19_ws/install/robu/lib/python3.10/site-packages/robu-0.0.0-py3.10.egg-info
[1.811s] running install_scripts
[1.847s] Installing mypublisher script to /home/robu/work/robu_selpan19_ws/install/robu/lib/robu
[1.848s] Installing mysubscriber script to /home/robu/work/robu_selpan19_ws/install/robu/lib/robu
[1.849s] Installing wallfollower script to /home/robu/work/robu_selpan19_ws/install/robu/lib/robu
[1.849s] writing list of installed files to '/home/robu/work/robu_selpan19_ws/build/robu/install.log'
[1.914s] Invoked command in '/home/robu/work/robu_selpan19_ws/src/robu' returned '0': PYTHONPATH=/home/robu/work/robu_selpan19_ws/build/robu/prefix_override:/home/robu/work/robu_selpan19_ws/install/robu/lib/python3.10/site-packages:${PYTHONPATH} /usr/bin/python3 setup.py egg_info --egg-base ../../build/robu build --build-base /home/robu/work/robu_selpan19_ws/build/robu/build install --record /home/robu/work/robu_selpan19_ws/build/robu/install.log --single-version-externally-managed
