[1.404s] Invoking command in '/home/robu/work/robu_selpan19_ws/src/robu': PYTHONPATH=/home/robu/work/robu_selpan19_ws/build/robu/prefix_override:/home/robu/work/robu_selpan19_ws/install/robu/lib/python3.10/site-packages:${PYTHONPATH} /usr/bin/python3 setup.py egg_info --egg-base ../../build/robu build --build-base /home/robu/work/robu_selpan19_ws/build/robu/build install --record /home/robu/work/robu_selpan19_ws/build/robu/install.log --single-version-externally-managed
[1.974s] running egg_info
[1.975s] writing ../../build/robu/robu.egg-info/PKG-INFO
[1.979s] writing dependency_links to ../../build/robu/robu.egg-info/dependency_links.txt
[1.979s] writing entry points to ../../build/robu/robu.egg-info/entry_points.txt
[1.980s] writing requirements to ../../build/robu/robu.egg-info/requires.txt
[1.980s] writing top-level names to ../../build/robu/robu.egg-info/top_level.txt
[1.986s] reading manifest file '../../build/robu/robu.egg-info/SOURCES.txt'
[1.987s] writing manifest file '../../build/robu/robu.egg-info/SOURCES.txt'
[1.989s] running build
[1.990s] running build_py
[1.990s] copying robu/ex10_wallfollower.py -> /home/robu/work/robu_selpan19_ws/build/robu/build/lib/robu
[1.991s] running install
[1.992s] running install_lib
[1.993s] copying /home/robu/work/robu_selpan19_ws/build/robu/build/lib/robu/ex10_wallfollower.py -> /home/robu/work/robu_selpan19_ws/install/robu/lib/python3.10/site-packages/robu
[1.994s] byte-compiling /home/robu/work/robu_selpan19_ws/install/robu/lib/python3.10/site-packages/robu/ex10_wallfollower.py to ex10_wallfollower.cpython-310.pyc
[1.995s] running install_data
[1.998s] running install_egg_info
[2.001s] removing '/home/robu/work/robu_selpan19_ws/install/robu/lib/python3.10/site-packages/robu-0.0.0-py3.10.egg-info' (and everything under it)
[2.004s] Copying ../../build/robu/robu.egg-info to /home/robu/work/robu_selpan19_ws/install/robu/lib/python3.10/site-packages/robu-0.0.0-py3.10.egg-info
[2.005s] running install_scripts
[2.056s] Installing mypublisher script to /home/robu/work/robu_selpan19_ws/install/robu/lib/robu
[2.058s] Installing mysubscriber script to /home/robu/work/robu_selpan19_ws/install/robu/lib/robu
[2.058s] Installing wallfollower script to /home/robu/work/robu_selpan19_ws/install/robu/lib/robu
[2.059s] writing list of installed files to '/home/robu/work/robu_selpan19_ws/build/robu/install.log'
[2.131s] Invoked command in '/home/robu/work/robu_selpan19_ws/src/robu' returned '0': PYTHONPATH=/home/robu/work/robu_selpan19_ws/build/robu/prefix_override:/home/robu/work/robu_selpan19_ws/install/robu/lib/python3.10/site-packages:${PYTHONPATH} /usr/bin/python3 setup.py egg_info --egg-base ../../build/robu build --build-base /home/robu/work/robu_selpan19_ws/build/robu/build install --record /home/robu/work/robu_selpan19_ws/build/robu/install.log --single-version-externally-managed
