[1.334s] Invoking command in '/home/robu/work/robu_selpan19_ws/src/robu': PYTHONPATH=/home/robu/work/robu_selpan19_ws/build/robu/prefix_override:/home/robu/work/robu_selpan19_ws/install/robu/lib/python3.10/site-packages:${PYTHONPATH} /usr/bin/python3 setup.py egg_info --egg-base ../../build/robu build --build-base /home/robu/work/robu_selpan19_ws/build/robu/build install --record /home/robu/work/robu_selpan19_ws/build/robu/install.log --single-version-externally-managed
[1.877s] running egg_info
[1.878s] writing ../../build/robu/robu.egg-info/PKG-INFO
[1.879s] writing dependency_links to ../../build/robu/robu.egg-info/dependency_links.txt
[1.880s] writing entry points to ../../build/robu/robu.egg-info/entry_points.txt
[1.880s] writing requirements to ../../build/robu/robu.egg-info/requires.txt
[1.881s] writing top-level names to ../../build/robu/robu.egg-info/top_level.txt
[1.883s] reading manifest file '../../build/robu/robu.egg-info/SOURCES.txt'
[1.886s] writing manifest file '../../build/robu/robu.egg-info/SOURCES.txt'
[1.886s] running build
[1.887s] running build_py
[1.887s] copying robu/ex10_wallfollower.py -> /home/robu/work/robu_selpan19_ws/build/robu/build/lib/robu
[1.888s] running install
[1.889s] running install_lib
[1.890s] copying /home/robu/work/robu_selpan19_ws/build/robu/build/lib/robu/ex10_wallfollower.py -> /home/robu/work/robu_selpan19_ws/install/robu/lib/python3.10/site-packages/robu
[1.891s] byte-compiling /home/robu/work/robu_selpan19_ws/install/robu/lib/python3.10/site-packages/robu/ex10_wallfollower.py to ex10_wallfollower.cpython-310.pyc
[1.892s] running install_data
[1.893s] running install_egg_info
[1.896s] removing '/home/robu/work/robu_selpan19_ws/install/robu/lib/python3.10/site-packages/robu-0.0.0-py3.10.egg-info' (and everything under it)
[1.906s] Copying ../../build/robu/robu.egg-info to /home/robu/work/robu_selpan19_ws/install/robu/lib/python3.10/site-packages/robu-0.0.0-py3.10.egg-info
[1.912s] running install_scripts
[1.945s] Installing mypublisher script to /home/robu/work/robu_selpan19_ws/install/robu/lib/robu
[1.946s] Installing mysubscriber script to /home/robu/work/robu_selpan19_ws/install/robu/lib/robu
[1.946s] Installing wallfollower script to /home/robu/work/robu_selpan19_ws/install/robu/lib/robu
[1.947s] writing list of installed files to '/home/robu/work/robu_selpan19_ws/build/robu/install.log'
[2.038s] Invoked command in '/home/robu/work/robu_selpan19_ws/src/robu' returned '0': PYTHONPATH=/home/robu/work/robu_selpan19_ws/build/robu/prefix_override:/home/robu/work/robu_selpan19_ws/install/robu/lib/python3.10/site-packages:${PYTHONPATH} /usr/bin/python3 setup.py egg_info --egg-base ../../build/robu build --build-base /home/robu/work/robu_selpan19_ws/build/robu/build install --record /home/robu/work/robu_selpan19_ws/build/robu/install.log --single-version-externally-managed
