[0.997s] Invoking command in '/home/robu/work/robu_selpan19_ws/src/robu': PYTHONPATH=/home/robu/work/robu_selpan19_ws/build/robu/prefix_override:/home/robu/work/robu_selpan19_ws/install/robu/lib/python3.10/site-packages:${PYTHONPATH} /usr/bin/python3 setup.py egg_info --egg-base ../../build/robu build --build-base /home/robu/work/robu_selpan19_ws/build/robu/build install --record /home/robu/work/robu_selpan19_ws/build/robu/install.log --single-version-externally-managed
[1.304s] running egg_info
[1.305s] creating ../../build/robu/robu.egg-info
[1.305s] writing ../../build/robu/robu.egg-info/PKG-INFO
[1.306s] writing dependency_links to ../../build/robu/robu.egg-info/dependency_links.txt
[1.306s] writing entry points to ../../build/robu/robu.egg-info/entry_points.txt
[1.306s] writing requirements to ../../build/robu/robu.egg-info/requires.txt
[1.306s] writing top-level names to ../../build/robu/robu.egg-info/top_level.txt
[1.306s] writing manifest file '../../build/robu/robu.egg-info/SOURCES.txt'
[1.309s] reading manifest file '../../build/robu/robu.egg-info/SOURCES.txt'
[1.309s] writing manifest file '../../build/robu/robu.egg-info/SOURCES.txt'
[1.310s] running build
[1.310s] running build_py
[1.310s] creating /home/robu/work/robu_selpan19_ws/build/robu/build
[1.310s] creating /home/robu/work/robu_selpan19_ws/build/robu/build/lib
[1.310s] creating /home/robu/work/robu_selpan19_ws/build/robu/build/lib/robu
[1.310s] copying robu/ex10_wallfollower.py -> /home/robu/work/robu_selpan19_ws/build/robu/build/lib/robu
[1.310s] copying robu/publisher_member_function.py -> /home/robu/work/robu_selpan19_ws/build/robu/build/lib/robu
[1.310s] copying robu/__init__.py -> /home/robu/work/robu_selpan19_ws/build/robu/build/lib/robu
[1.311s] copying robu/subscriber_member_function.py -> /home/robu/work/robu_selpan19_ws/build/robu/build/lib/robu
[1.311s] running install
[1.311s] running install_lib
[1.312s] creating /home/robu/work/robu_selpan19_ws/install/robu/lib/python3.10/site-packages/robu
[1.312s] copying /home/robu/work/robu_selpan19_ws/build/robu/build/lib/robu/ex10_wallfollower.py -> /home/robu/work/robu_selpan19_ws/install/robu/lib/python3.10/site-packages/robu
[1.312s] copying /home/robu/work/robu_selpan19_ws/build/robu/build/lib/robu/publisher_member_function.py -> /home/robu/work/robu_selpan19_ws/install/robu/lib/python3.10/site-packages/robu
[1.312s] copying /home/robu/work/robu_selpan19_ws/build/robu/build/lib/robu/__init__.py -> /home/robu/work/robu_selpan19_ws/install/robu/lib/python3.10/site-packages/robu
[1.313s] copying /home/robu/work/robu_selpan19_ws/build/robu/build/lib/robu/subscriber_member_function.py -> /home/robu/work/robu_selpan19_ws/install/robu/lib/python3.10/site-packages/robu
[1.313s] byte-compiling /home/robu/work/robu_selpan19_ws/install/robu/lib/python3.10/site-packages/robu/ex10_wallfollower.py to ex10_wallfollower.cpython-310.pyc
[1.315s] byte-compiling /home/robu/work/robu_selpan19_ws/install/robu/lib/python3.10/site-packages/robu/publisher_member_function.py to publisher_member_function.cpython-310.pyc
[1.316s] byte-compiling /home/robu/work/robu_selpan19_ws/install/robu/lib/python3.10/site-packages/robu/__init__.py to __init__.cpython-310.pyc
[1.316s] byte-compiling /home/robu/work/robu_selpan19_ws/install/robu/lib/python3.10/site-packages/robu/subscriber_member_function.py to subscriber_member_function.cpython-310.pyc
[1.316s] running install_data
[1.317s] running install_egg_info
[1.320s] Copying ../../build/robu/robu.egg-info to /home/robu/work/robu_selpan19_ws/install/robu/lib/python3.10/site-packages/robu-0.0.0-py3.10.egg-info
[1.320s] running install_scripts
[1.343s] Installing mypublisher script to /home/robu/work/robu_selpan19_ws/install/robu/lib/robu
[1.343s] Installing mysubscriber script to /home/robu/work/robu_selpan19_ws/install/robu/lib/robu
[1.343s] Installing wallfollower script to /home/robu/work/robu_selpan19_ws/install/robu/lib/robu
[1.344s] writing list of installed files to '/home/robu/work/robu_selpan19_ws/build/robu/install.log'
[1.375s] Invoked command in '/home/robu/work/robu_selpan19_ws/src/robu' returned '0': PYTHONPATH=/home/robu/work/robu_selpan19_ws/build/robu/prefix_override:/home/robu/work/robu_selpan19_ws/install/robu/lib/python3.10/site-packages:${PYTHONPATH} /usr/bin/python3 setup.py egg_info --egg-base ../../build/robu build --build-base /home/robu/work/robu_selpan19_ws/build/robu/build install --record /home/robu/work/robu_selpan19_ws/build/robu/install.log --single-version-externally-managed
