[0.836s] Invoking command in '/home/robu/work/robu_selpan19_ws/src/robu': PYTHONPATH=/home/robu/work/robu_selpan19_ws/build/robu/prefix_override:/home/robu/work/robu_selpan19_ws/install/robu/lib/python3.10/site-packages:${PYTHONPATH} /usr/bin/python3 setup.py egg_info --egg-base ../../build/robu build --build-base /home/robu/work/robu_selpan19_ws/build/robu/build install --record /home/robu/work/robu_selpan19_ws/build/robu/install.log --single-version-externally-managed
[1.104s] running egg_info
[1.104s] writing ../../build/robu/robu.egg-info/PKG-INFO
[1.105s] writing dependency_links to ../../build/robu/robu.egg-info/dependency_links.txt
[1.105s] writing entry points to ../../build/robu/robu.egg-info/entry_points.txt
[1.105s] writing requirements to ../../build/robu/robu.egg-info/requires.txt
[1.105s] writing top-level names to ../../build/robu/robu.egg-info/top_level.txt
[1.107s] reading manifest file '../../build/robu/robu.egg-info/SOURCES.txt'
[1.108s] writing manifest file '../../build/robu/robu.egg-info/SOURCES.txt'
[1.108s] running build
[1.108s] running build_py
[1.109s] running install
[1.109s] running install_lib
[1.110s] running install_data
[1.111s] running install_egg_info
[1.112s] removing '/home/robu/work/robu_selpan19_ws/install/robu/lib/python3.10/site-packages/robu-0.0.0-py3.10.egg-info' (and everything under it)
[1.113s] Copying ../../build/robu/robu.egg-info to /home/robu/work/robu_selpan19_ws/install/robu/lib/python3.10/site-packages/robu-0.0.0-py3.10.egg-info
[1.114s] running install_scripts
[1.134s] Installing mypublisher script to /home/robu/work/robu_selpan19_ws/install/robu/lib/robu
[1.134s] Installing mysubscriber script to /home/robu/work/robu_selpan19_ws/install/robu/lib/robu
[1.134s] Installing wallfollower script to /home/robu/work/robu_selpan19_ws/install/robu/lib/robu
[1.135s] writing list of installed files to '/home/robu/work/robu_selpan19_ws/build/robu/install.log'
[1.162s] Invoked command in '/home/robu/work/robu_selpan19_ws/src/robu' returned '0': PYTHONPATH=/home/robu/work/robu_selpan19_ws/build/robu/prefix_override:/home/robu/work/robu_selpan19_ws/install/robu/lib/python3.10/site-packages:${PYTHONPATH} /usr/bin/python3 setup.py egg_info --egg-base ../../build/robu build --build-base /home/robu/work/robu_selpan19_ws/build/robu/build install --record /home/robu/work/robu_selpan19_ws/build/robu/install.log --single-version-externally-managed
